[19433] debug @0.035718> [hit #26]$VAR1 = 'Zonemaster v0.0.4, Engine v0.0.1'; in /home/toma/TEMP/Zonemaster_Dancer/lib/dnscheck.pm l. 43
[19433] debug @0.375347> [hit #33]$VAR1 = {
          'ds_list' => [
                         {
                           'digest' => '92745b0a3c3f3f012d517993f37733d99107dc21',
                           'algorithm' => 'sha1'
                         },
                         {
                           'algorithm' => 'sha1',
                           'digest' => '999f6fc8c834d77abed879898343d05507ea3a2e'
                         }
                       ],
          'ns_list' => [
                         {
                           'ip' => '192.33.14.30',
                           'ns' => 'b.gtld-servers.net'
                         },
                         {
                           'ip' => '2001:503:231d:0:0:0:2:30',
                           'ns' => 'b.gtld-servers.net'
                         },
                         {
                           'ns' => 'i.gtld-servers.net',
                           'ip' => '192.43.172.30'
                         },
                         {
                           'ns' => 'a.gtld-servers.net',
                           'ip' => '192.5.6.30'
                         },
                         {
                           'ip' => '2001:503:a83e:0:0:0:2:30',
                           'ns' => 'a.gtld-servers.net'
                         },
                         {
                           'ns' => 'e.gtld-servers.net',
                           'ip' => '192.12.94.30'
                         },
                         {
                           'ns' => 'f.gtld-servers.net',
                           'ip' => '192.35.51.30'
                         },
                         {
                           'ns' => 'l.gtld-servers.net',
                           'ip' => '192.41.162.30'
                         },
                         {
                           'ip' => '192.42.93.30',
                           'ns' => 'g.gtld-servers.net'
                         },
                         {
                           'ip' => '192.26.92.30',
                           'ns' => 'c.gtld-servers.net'
                         },
                         {
                           'ns' => 'h.gtld-servers.net',
                           'ip' => '192.54.112.30'
                         },
                         {
                           'ns' => 'm.gtld-servers.net',
                           'ip' => '192.55.83.30'
                         },
                         {
                           'ns' => 'd.gtld-servers.net',
                           'ip' => '192.31.80.30'
                         },
                         {
                           'ns' => 'k.gtld-servers.net',
                           'ip' => '192.52.178.30'
                         },
                         {
                           'ip' => '192.48.79.30',
                           'ns' => 'j.gtld-servers.net'
                         }
                       ]
        }; in /home/toma/TEMP/Zonemaster_Dancer/lib/dnscheck.pm l. 34
[19430] debug @0.009504> [hit #36]$VAR1 = 'Zonemaster v0.0.4, Engine v0.0.1'; in /home/toma/TEMP/Zonemaster_Dancer/lib/dnscheck.pm l. 43
[19432] debug @0.170084> [hit #35]$VAR1 = {
          'ns_list' => [
                         {
                           'ip' => '192.26.92.30',
                           'ns' => 'c.gtld-servers.net'
                         },
                         {
                           'ip' => '192.35.51.30',
                           'ns' => 'f.gtld-servers.net'
                         },
                         {
                           'ns' => 'm.gtld-servers.net',
                           'ip' => '192.55.83.30'
                         },
                         {
                           'ns' => 'j.gtld-servers.net',
                           'ip' => '192.48.79.30'
                         },
                         {
                           'ip' => '192.43.172.30',
                           'ns' => 'i.gtld-servers.net'
                         },
                         {
                           'ns' => 'l.gtld-servers.net',
                           'ip' => '192.41.162.30'
                         },
                         {
                           'ns' => 'a.gtld-servers.net',
                           'ip' => '192.5.6.30'
                         },
                         {
                           'ip' => '2001:503:a83e:0:0:0:2:30',
                           'ns' => 'a.gtld-servers.net'
                         },
                         {
                           'ns' => 'd.gtld-servers.net',
                           'ip' => '192.31.80.30'
                         },
                         {
                           'ns' => 'g.gtld-servers.net',
                           'ip' => '192.42.93.30'
                         },
                         {
                           'ip' => '192.52.178.30',
                           'ns' => 'k.gtld-servers.net'
                         },
                         {
                           'ns' => 'e.gtld-servers.net',
                           'ip' => '192.12.94.30'
                         },
                         {
                           'ns' => 'h.gtld-servers.net',
                           'ip' => '192.54.112.30'
                         },
                         {
                           'ip' => '192.33.14.30',
                           'ns' => 'b.gtld-servers.net'
                         },
                         {
                           'ip' => '2001:503:231d:0:0:0:2:30',
                           'ns' => 'b.gtld-servers.net'
                         }
                       ],
          'ds_list' => [
                         {
                           'algorithm' => 'sha1',
                           'digest' => '999f6fc8c834d77abed879898343d05507ea3a2e'
                         },
                         {
                           'algorithm' => 'sha1',
                           'digest' => '92745b0a3c3f3f012d517993f37733d99107dc21'
                         }
                       ]
        }; in /home/toma/TEMP/Zonemaster_Dancer/lib/dnscheck.pm l. 34
[19433] debug @0.003966> [hit #41]$VAR1 = 'Zonemaster v0.0.4, Engine v0.0.1'; in /home/toma/TEMP/Zonemaster_Dancer/lib/dnscheck.pm l. 43
[19432] debug @0.005139> [hit #47]$VAR1 = 'Zonemaster v0.0.4, Engine v0.0.1'; in /home/toma/TEMP/Zonemaster_Dancer/lib/dnscheck.pm l. 43
[19431] debug @0.003420> [hit #56]$VAR1 = 'Zonemaster v0.0.4, Engine v0.0.1'; in /home/toma/TEMP/Zonemaster_Dancer/lib/dnscheck.pm l. 43
[19430] debug @0.005356> [hit #56]$VAR1 = 'Zonemaster v0.0.4, Engine v0.0.1'; in /home/toma/TEMP/Zonemaster_Dancer/lib/dnscheck.pm l. 43
[19429] debug @0.002812> [hit #57]$VAR1 = 'Zonemaster v0.0.4, Engine v0.0.1'; in /home/toma/TEMP/Zonemaster_Dancer/lib/dnscheck.pm l. 43
[19430] debug @0.091466> [hit #63]$VAR1 = {
          'ns_list' => [
                         {
                           'ns' => 'k.root-servers.net',
                           'ip' => '193.0.14.129'
                         },
                         {
                           'ip' => '2001:7fd:0:0:0:0:0:1',
                           'ns' => 'k.root-servers.net'
                         },
                         {
                           'ns' => 'g.root-servers.net',
                           'ip' => '192.112.36.4'
                         },
                         {
                           'ns' => 'l.root-servers.net',
                           'ip' => '199.7.83.42'
                         },
                         {
                           'ns' => 'l.root-servers.net',
                           'ip' => '2001:500:3:0:0:0:0:42'
                         },
                         {
                           'ip' => '192.36.148.17',
                           'ns' => 'i.root-servers.net'
                         },
                         {
                           'ip' => '2001:7fe:0:0:0:0:0:53',
                           'ns' => 'i.root-servers.net'
                         },
                         {
                           'ip' => '128.63.2.53',
                           'ns' => 'h.root-servers.net'
                         },
                         {
                           'ip' => '2001:500:1:0:0:0:803f:235',
                           'ns' => 'h.root-servers.net'
                         },
                         {
                           'ns' => 'j.root-servers.net',
                           'ip' => '192.58.128.30'
                         },
                         {
                           'ns' => 'j.root-servers.net',
                           'ip' => '2001:503:c27:0:0:0:2:30'
                         },
                         {
                           'ns' => 'd.root-servers.net',
                           'ip' => '199.7.91.13'
                         },
                         {
                           'ns' => 'd.root-servers.net',
                           'ip' => '2001:500:2d:0:0:0:0:d'
                         },
                         {
                           'ip' => '192.33.4.12',
                           'ns' => 'c.root-servers.net'
                         },
                         {
                           'ns' => 'c.root-servers.net',
                           'ip' => '2001:500:2:0:0:0:0:c'
                         },
                         {
                           'ip' => '192.228.79.201',
                           'ns' => 'b.root-servers.net'
                         },
                         {
                           'ns' => 'b.root-servers.net',
                           'ip' => '2001:500:84:0:0:0:0:b'
                         },
                         {
                           'ip' => '192.5.5.241',
                           'ns' => 'f.root-servers.net'
                         },
                         {
                           'ns' => 'f.root-servers.net',
                           'ip' => '2001:500:2f:0:0:0:0:f'
                         },
                         {
                           'ip' => '202.12.27.33',
                           'ns' => 'm.root-servers.net'
                         },
                         {
                           'ns' => 'm.root-servers.net',
                           'ip' => '2001:dc3:0:0:0:0:0:35'
                         },
                         {
                           'ns' => 'a.root-servers.net',
                           'ip' => '198.41.0.4'
                         },
                         {
                           'ns' => 'a.root-servers.net',
                           'ip' => '2001:503:ba3e:0:0:0:2:30'
                         },
                         {
                           'ns' => 'e.root-servers.net',
                           'ip' => '192.203.230.10'
                         }
                       ],
          'ds_list' => [
                         {
                           'digest' => 'b256bd09dc8dd59f0e0f0d8541b8328dd986df6e',
                           'algorithm' => 'sha1'
                         },
                         {
                           'digest' => 'f14318d3e7fcbd6dd439a9a49ec3dcc3112cd587',
                           'algorithm' => 'sha1'
                         }
                       ]
        }; in /home/toma/TEMP/Zonemaster_Dancer/lib/dnscheck.pm l. 34
[19433] debug @0.148578> [hit #61]$VAR1 = {
          'ds_list' => [
                         {
                           'algorithm' => 'sha1',
                           'digest' => '16cc61e86866db5767ebd76b429c2f2827f63780'
                         },
                         {
                           'algorithm' => 'sha1',
                           'digest' => '7322c7ddb8543665fe560c96a35d9186ca34bce7'
                         },
                         {
                           'digest' => '1c53b2dc44d1e8e4e5962e10d49f096d5fa79264',
                           'algorithm' => 'sha1'
                         }
                       ],
          'ns_list' => [
                         {
                           'ns' => 'ns.joel.nu',
                           'ip' => '109.124.141.225'
                         },
                         {
                           'ns' => 'boa.blipp.com',
                           'ip' => '95.154.217.14'
                         },
                         {
                           'ip' => '2001:1b40:5600:900:4321:1234:9b92:4bc0',
                           'ns' => 'boa.blipp.com'
                         },
                         {
                           'ip' => '192.195.142.21',
                           'ns' => 'vic20.blipp.com'
                         },
                         {
                           'ns' => 'vic20.blipp.com',
                           'ip' => '2001:16d8:ff00:2a9:0:0:0:2'
                         }
                       ]
        }; in /home/toma/TEMP/Zonemaster_Dancer/lib/dnscheck.pm l. 34
[19433] debug @0.002762> [hit #64]$VAR1 = 'Zonemaster v0.0.4, Engine v0.0.1'; in /home/toma/TEMP/Zonemaster_Dancer/lib/dnscheck.pm l. 43
[19432] debug @0.004183> [hit #70]$VAR1 = 'Zonemaster v0.0.4, Engine v0.0.1'; in /home/toma/TEMP/Zonemaster_Dancer/lib/dnscheck.pm l. 43
[19432] debug @0.007436> [hit #81]$VAR1 = 'Zonemaster v0.0.4, Engine v0.0.1'; in /home/toma/TEMP/Zonemaster_Dancer/lib/dnscheck.pm l. 43
[19432] debug @0.003395> [hit #86]$VAR1 = 'Zonemaster v0.0.4, Engine v0.0.1'; in /home/toma/TEMP/Zonemaster_Dancer/lib/dnscheck.pm l. 43
[19430] debug @0.003661> [hit #91]$VAR1 = 'Zonemaster v0.0.4, Engine v0.0.1'; in /home/toma/TEMP/Zonemaster_Dancer/lib/dnscheck.pm l. 43
[19431] debug @0.336526> [hit #99]$VAR1 = {
          'ds_list' => [
                         {
                           'digest' => 'f14318d3e7fcbd6dd439a9a49ec3dcc3112cd587',
                           'algorithm' => 'sha1'
                         },
                         {
                           'algorithm' => 'sha1',
                           'digest' => 'b256bd09dc8dd59f0e0f0d8541b8328dd986df6e'
                         }
                       ],
          'ns_list' => [
                         {
                           'ip' => '192.112.36.4',
                           'ns' => 'g.root-servers.net'
                         },
                         {
                           'ip' => '198.41.0.4',
                           'ns' => 'a.root-servers.net'
                         },
                         {
                           'ip' => '2001:503:ba3e:0:0:0:2:30',
                           'ns' => 'a.root-servers.net'
                         },
                         {
                           'ip' => '193.0.14.129',
                           'ns' => 'k.root-servers.net'
                         },
                         {
                           'ns' => 'k.root-servers.net',
                           'ip' => '2001:7fd:0:0:0:0:0:1'
                         },
                         {
                           'ip' => '192.203.230.10',
                           'ns' => 'e.root-servers.net'
                         },
                         {
                           'ip' => '199.7.83.42',
                           'ns' => 'l.root-servers.net'
                         },
                         {
                           'ip' => '2001:500:3:0:0:0:0:42',
                           'ns' => 'l.root-servers.net'
                         },
                         {
                           'ip' => '192.58.128.30',
                           'ns' => 'j.root-servers.net'
                         },
                         {
                           'ns' => 'j.root-servers.net',
                           'ip' => '2001:503:c27:0:0:0:2:30'
                         },
                         {
                           'ns' => 'b.root-servers.net',
                           'ip' => '192.228.79.201'
                         },
                         {
                           'ip' => '2001:500:84:0:0:0:0:b',
                           'ns' => 'b.root-servers.net'
                         },
                         {
                           'ip' => '192.36.148.17',
                           'ns' => 'i.root-servers.net'
                         },
                         {
                           'ip' => '2001:7fe:0:0:0:0:0:53',
                           'ns' => 'i.root-servers.net'
                         },
                         {
                           'ns' => 'c.root-servers.net',
                           'ip' => '192.33.4.12'
                         },
                         {
                           'ns' => 'c.root-servers.net',
                           'ip' => '2001:500:2:0:0:0:0:c'
                         },
                         {
                           'ip' => '202.12.27.33',
                           'ns' => 'm.root-servers.net'
                         },
                         {
                           'ns' => 'm.root-servers.net',
                           'ip' => '2001:dc3:0:0:0:0:0:35'
                         },
                         {
                           'ns' => 'h.root-servers.net',
                           'ip' => '128.63.2.53'
                         },
                         {
                           'ip' => '2001:500:1:0:0:0:803f:235',
                           'ns' => 'h.root-servers.net'
                         },
                         {
                           'ns' => 'd.root-servers.net',
                           'ip' => '199.7.91.13'
                         },
                         {
                           'ip' => '2001:500:2d:0:0:0:0:d',
                           'ns' => 'd.root-servers.net'
                         },
                         {
                           'ip' => '192.5.5.241',
                           'ns' => 'f.root-servers.net'
                         },
                         {
                           'ns' => 'f.root-servers.net',
                           'ip' => '2001:500:2f:0:0:0:0:f'
                         }
                       ]
        }; in /home/toma/TEMP/Zonemaster_Dancer/lib/dnscheck.pm l. 34
[19432] debug @0.159887> [hit #94]$VAR1 = {
          'ds_list' => [
                         {
                           'digest' => '47f4459739b6f984e4447260b591e7c6ec8210de',
                           'algorithm' => 'sha1'
                         },
                         {
                           'digest' => '06facfb122d14fa185cc107acb5f1b6dffb90eed',
                           'algorithm' => 'sha1'
                         }
                       ],
          'ns_list' => [
                         {
                           'ns' => 'd.ns.se',
                           'ip' => '81.228.8.16'
                         },
                         {
                           'ns' => 'c.ns.se',
                           'ip' => '192.36.135.107'
                         },
                         {
                           'ip' => '2001:67c:2554:301:0:0:0:53',
                           'ns' => 'c.ns.se'
                         },
                         {
                           'ip' => '130.239.5.114',
                           'ns' => 'g.ns.se'
                         },
                         {
                           'ns' => 'g.ns.se',
                           'ip' => '2001:6b0:e:3:0:0:0:1'
                         },
                         {
                           'ip' => '192.36.133.107',
                           'ns' => 'b.ns.se'
                         },
                         {
                           'ns' => 'b.ns.se',
                           'ip' => '2001:67c:254c:301:0:0:0:53'
                         },
                         {
                           'ns' => 'e.ns.se',
                           'ip' => '81.228.10.57'
                         },
                         {
                           'ns' => 'a.ns.se',
                           'ip' => '192.36.144.107'
                         },
                         {
                           'ip' => '2a01:3f0:0:301:0:0:0:53',
                           'ns' => 'a.ns.se'
                         },
                         {
                           'ip' => '199.254.63.1',
                           'ns' => 'j.ns.se'
                         },
                         {
                           'ns' => 'j.ns.se',
                           'ip' => '2001:500:2c:0:0:0:0:1'
                         },
                         {
                           'ns' => 'i.ns.se',
                           'ip' => '194.146.106.22'
                         },
                         {
                           'ns' => 'i.ns.se',
                           'ip' => '2001:67c:1010:5:0:0:0:53'
                         },
                         {
                           'ip' => '192.71.53.53',
                           'ns' => 'f.ns.se'
                         },
                         {
                           'ns' => 'f.ns.se',
                           'ip' => '2a01:3f0:0:305:0:0:0:53'
                         }
                       ]
        }; in /home/toma/TEMP/Zonemaster_Dancer/lib/dnscheck.pm l. 34
[19429] debug @0.007702> [hit #93]$VAR1 = 'Zonemaster v0.0.4, Engine v0.0.1'; in /home/toma/TEMP/Zonemaster_Dancer/lib/dnscheck.pm l. 43
[19432] debug @0.002815> [hit #105]$VAR1 = 'Zonemaster v0.0.4, Engine v0.0.1'; in /home/toma/TEMP/Zonemaster_Dancer/lib/dnscheck.pm l. 43
[19433] debug @0.035337> [hit #101]$VAR1 = {
          'ns_list' => [
                         {
                           'ns' => 'ns.nic.se',
                           'ip' => '212.247.7.228'
                         },
                         {
                           'ip' => '2a00:801:f0:53:0:0:0:53',
                           'ns' => 'ns.nic.se'
                         },
                         {
                           'ip' => '194.146.106.22',
                           'ns' => 'i.ns.se'
                         },
                         {
                           'ip' => '2001:67c:1010:5:0:0:0:53',
                           'ns' => 'i.ns.se'
                         },
                         {
                           'ip' => '212.247.8.152',
                           'ns' => 'ns3.nic.se'
                         },
                         {
                           'ip' => '2a00:801:f0:211:0:0:0:152',
                           'ns' => 'ns3.nic.se'
                         }
                       ],
          'ds_list' => [
                         {
                           'digest' => 'ef5d421412a5eaf1230071affd4f585e3b2b1a60',
                           'algorithm' => 'sha1'
                         },
                         {
                           'algorithm' => 'sha1',
                           'digest' => '1cc95e8adc1b12254e53d5a6f2924af336b87567'
                         }
                       ]
        }; in /home/toma/TEMP/Zonemaster_Dancer/lib/dnscheck.pm l. 34
[19431] debug @0.013573> [hit #110]$VAR1 = {
          'ns_list' => [
                         {
                           'ip' => '212.247.7.228',
                           'ns' => 'ns.nic.se'
                         },
                         {
                           'ns' => 'ns.nic.se',
                           'ip' => '2a00:801:f0:53:0:0:0:53'
                         },
                         {
                           'ns' => 'i.ns.se',
                           'ip' => '194.146.106.22'
                         },
                         {
                           'ns' => 'i.ns.se',
                           'ip' => '2001:67c:1010:5:0:0:0:53'
                         },
                         {
                           'ip' => '212.247.8.152',
                           'ns' => 'ns3.nic.se'
                         },
                         {
                           'ns' => 'ns3.nic.se',
                           'ip' => '2a00:801:f0:211:0:0:0:152'
                         }
                       ],
          'ds_list' => [
                         {
                           'digest' => '1cc95e8adc1b12254e53d5a6f2924af336b87567',
                           'algorithm' => 'sha1'
                         },
                         {
                           'algorithm' => 'sha1',
                           'digest' => 'ef5d421412a5eaf1230071affd4f585e3b2b1a60'
                         }
                       ]
        }; in /home/toma/TEMP/Zonemaster_Dancer/lib/dnscheck.pm l. 34
[19429] debug @0.017779> [hit #103]$VAR1 = {
          'ns_list' => [
                         {
                           'ip' => '194.146.106.22',
                           'ns' => 'i.ns.se'
                         },
                         {
                           'ip' => '2001:67c:1010:5:0:0:0:53',
                           'ns' => 'i.ns.se'
                         },
                         {
                           'ns' => 'ns.nic.se',
                           'ip' => '212.247.7.228'
                         },
                         {
                           'ns' => 'ns.nic.se',
                           'ip' => '2a00:801:f0:53:0:0:0:53'
                         },
                         {
                           'ns' => 'ns3.nic.se',
                           'ip' => '212.247.8.152'
                         },
                         {
                           'ip' => '2a00:801:f0:211:0:0:0:152',
                           'ns' => 'ns3.nic.se'
                         }
                       ],
          'ds_list' => [
                         {
                           'digest' => 'ef5d421412a5eaf1230071affd4f585e3b2b1a60',
                           'algorithm' => 'sha1'
                         },
                         {
                           'digest' => '1cc95e8adc1b12254e53d5a6f2924af336b87567',
                           'algorithm' => 'sha1'
                         }
                       ]
        }; in /home/toma/TEMP/Zonemaster_Dancer/lib/dnscheck.pm l. 34
[19429] debug @0.014211> [hit #104]$VAR1 = {
          'ds_list' => [
                         {
                           'digest' => '1cc95e8adc1b12254e53d5a6f2924af336b87567',
                           'algorithm' => 'sha1'
                         },
                         {
                           'algorithm' => 'sha1',
                           'digest' => 'ef5d421412a5eaf1230071affd4f585e3b2b1a60'
                         }
                       ],
          'ns_list' => [
                         {
                           'ns' => 'i.ns.se',
                           'ip' => '194.146.106.22'
                         },
                         {
                           'ns' => 'i.ns.se',
                           'ip' => '2001:67c:1010:5:0:0:0:53'
                         },
                         {
                           'ip' => '212.247.8.152',
                           'ns' => 'ns3.nic.se'
                         },
                         {
                           'ns' => 'ns3.nic.se',
                           'ip' => '2a00:801:f0:211:0:0:0:152'
                         },
                         {
                           'ns' => 'ns.nic.se',
                           'ip' => '212.247.7.228'
                         },
                         {
                           'ns' => 'ns.nic.se',
                           'ip' => '2a00:801:f0:53:0:0:0:53'
                         }
                       ]
        }; in /home/toma/TEMP/Zonemaster_Dancer/lib/dnscheck.pm l. 34
[19429] debug @0.093452> [hit #105]$VAR1 = {
          'ds_list' => [
                         {
                           'algorithm' => 'sha1',
                           'digest' => '1cc95e8adc1b12254e53d5a6f2924af336b87567'
                         },
                         {
                           'digest' => 'ef5d421412a5eaf1230071affd4f585e3b2b1a60',
                           'algorithm' => 'sha1'
                         }
                       ],
          'ns_list' => [
                         {
                           'ip' => '194.146.106.22',
                           'ns' => 'i.ns.se'
                         },
                         {
                           'ip' => '2001:67c:1010:5:0:0:0:53',
                           'ns' => 'i.ns.se'
                         },
                         {
                           'ns' => 'ns3.nic.se',
                           'ip' => '212.247.8.152'
                         },
                         {
                           'ns' => 'ns3.nic.se',
                           'ip' => '2a00:801:f0:211:0:0:0:152'
                         },
                         {
                           'ip' => '212.247.7.228',
                           'ns' => 'ns.nic.se'
                         },
                         {
                           'ip' => '2a00:801:f0:53:0:0:0:53',
                           'ns' => 'ns.nic.se'
                         }
                       ]
        }; in /home/toma/TEMP/Zonemaster_Dancer/lib/dnscheck.pm l. 34
[19429] debug @0.013019> [hit #106]$VAR1 = {
          'ds_list' => [
                         {
                           'algorithm' => 'sha1',
                           'digest' => 'ef5d421412a5eaf1230071affd4f585e3b2b1a60'
                         },
                         {
                           'digest' => '1cc95e8adc1b12254e53d5a6f2924af336b87567',
                           'algorithm' => 'sha1'
                         }
                       ],
          'ns_list' => [
                         {
                           'ns' => 'ns3.nic.se',
                           'ip' => '212.247.8.152'
                         },
                         {
                           'ip' => '2a00:801:f0:211:0:0:0:152',
                           'ns' => 'ns3.nic.se'
                         },
                         {
                           'ip' => '212.247.7.228',
                           'ns' => 'ns.nic.se'
                         },
                         {
                           'ns' => 'ns.nic.se',
                           'ip' => '2a00:801:f0:53:0:0:0:53'
                         },
                         {
                           'ip' => '194.146.106.22',
                           'ns' => 'i.ns.se'
                         },
                         {
                           'ip' => '2001:67c:1010:5:0:0:0:53',
                           'ns' => 'i.ns.se'
                         }
                       ]
        }; in /home/toma/TEMP/Zonemaster_Dancer/lib/dnscheck.pm l. 34
[19430] debug @0.012433> [hit #105]$VAR1 = {
          'ds_list' => [
                         {
                           'algorithm' => 'sha1',
                           'digest' => '1cc95e8adc1b12254e53d5a6f2924af336b87567'
                         },
                         {
                           'digest' => 'ef5d421412a5eaf1230071affd4f585e3b2b1a60',
                           'algorithm' => 'sha1'
                         }
                       ],
          'ns_list' => [
                         {
                           'ip' => '212.247.7.228',
                           'ns' => 'ns.nic.se'
                         },
                         {
                           'ip' => '2a00:801:f0:53:0:0:0:53',
                           'ns' => 'ns.nic.se'
                         },
                         {
                           'ns' => 'ns3.nic.se',
                           'ip' => '212.247.8.152'
                         },
                         {
                           'ip' => '2a00:801:f0:211:0:0:0:152',
                           'ns' => 'ns3.nic.se'
                         },
                         {
                           'ip' => '194.146.106.22',
                           'ns' => 'i.ns.se'
                         },
                         {
                           'ip' => '2001:67c:1010:5:0:0:0:53',
                           'ns' => 'i.ns.se'
                         }
                       ]
        }; in /home/toma/TEMP/Zonemaster_Dancer/lib/dnscheck.pm l. 34
[19432] debug @0.013541> [hit #107]$VAR1 = {
          'ns_list' => [
                         {
                           'ns' => 'i.ns.se',
                           'ip' => '194.146.106.22'
                         },
                         {
                           'ip' => '2001:67c:1010:5:0:0:0:53',
                           'ns' => 'i.ns.se'
                         },
                         {
                           'ns' => 'ns3.nic.se',
                           'ip' => '212.247.8.152'
                         },
                         {
                           'ip' => '2a00:801:f0:211:0:0:0:152',
                           'ns' => 'ns3.nic.se'
                         },
                         {
                           'ns' => 'ns.nic.se',
                           'ip' => '212.247.7.228'
                         },
                         {
                           'ip' => '2a00:801:f0:53:0:0:0:53',
                           'ns' => 'ns.nic.se'
                         }
                       ],
          'ds_list' => [
                         {
                           'digest' => 'ef5d421412a5eaf1230071affd4f585e3b2b1a60',
                           'algorithm' => 'sha1'
                         },
                         {
                           'algorithm' => 'sha1',
                           'digest' => '1cc95e8adc1b12254e53d5a6f2924af336b87567'
                         }
                       ]
        }; in /home/toma/TEMP/Zonemaster_Dancer/lib/dnscheck.pm l. 34
[19433] debug @0.013281> [hit #102]$VAR1 = {
          'ds_list' => [
                         {
                           'algorithm' => 'sha1',
                           'digest' => '1cc95e8adc1b12254e53d5a6f2924af336b87567'
                         },
                         {
                           'algorithm' => 'sha1',
                           'digest' => 'ef5d421412a5eaf1230071affd4f585e3b2b1a60'
                         }
                       ],
          'ns_list' => [
                         {
                           'ns' => 'ns.nic.se',
                           'ip' => '212.247.7.228'
                         },
                         {
                           'ip' => '2a00:801:f0:53:0:0:0:53',
                           'ns' => 'ns.nic.se'
                         },
                         {
                           'ip' => '194.146.106.22',
                           'ns' => 'i.ns.se'
                         },
                         {
                           'ip' => '2001:67c:1010:5:0:0:0:53',
                           'ns' => 'i.ns.se'
                         },
                         {
                           'ip' => '212.247.8.152',
                           'ns' => 'ns3.nic.se'
                         },
                         {
                           'ip' => '2a00:801:f0:211:0:0:0:152',
                           'ns' => 'ns3.nic.se'
                         }
                       ]
        }; in /home/toma/TEMP/Zonemaster_Dancer/lib/dnscheck.pm l. 34
[19431] debug @0.012215> [hit #111]$VAR1 = {
          'ns_list' => [
                         {
                           'ip' => '212.247.7.228',
                           'ns' => 'ns.nic.se'
                         },
                         {
                           'ns' => 'ns.nic.se',
                           'ip' => '2a00:801:f0:53:0:0:0:53'
                         },
                         {
                           'ns' => 'i.ns.se',
                           'ip' => '194.146.106.22'
                         },
                         {
                           'ns' => 'i.ns.se',
                           'ip' => '2001:67c:1010:5:0:0:0:53'
                         },
                         {
                           'ns' => 'ns3.nic.se',
                           'ip' => '212.247.8.152'
                         },
                         {
                           'ns' => 'ns3.nic.se',
                           'ip' => '2a00:801:f0:211:0:0:0:152'
                         }
                       ],
          'ds_list' => [
                         {
                           'algorithm' => 'sha1',
                           'digest' => 'ef5d421412a5eaf1230071affd4f585e3b2b1a60'
                         },
                         {
                           'digest' => '1cc95e8adc1b12254e53d5a6f2924af336b87567',
                           'algorithm' => 'sha1'
                         }
                       ]
        }; in /home/toma/TEMP/Zonemaster_Dancer/lib/dnscheck.pm l. 34
[19431] debug @0.012699> [hit #112]$VAR1 = {
          'ns_list' => [
                         {
                           'ip' => '194.146.106.22',
                           'ns' => 'i.ns.se'
                         },
                         {
                           'ip' => '2001:67c:1010:5:0:0:0:53',
                           'ns' => 'i.ns.se'
                         },
                         {
                           'ns' => 'ns3.nic.se',
                           'ip' => '212.247.8.152'
                         },
                         {
                           'ip' => '2a00:801:f0:211:0:0:0:152',
                           'ns' => 'ns3.nic.se'
                         },
                         {
                           'ns' => 'ns.nic.se',
                           'ip' => '212.247.7.228'
                         },
                         {
                           'ip' => '2a00:801:f0:53:0:0:0:53',
                           'ns' => 'ns.nic.se'
                         }
                       ],
          'ds_list' => [
                         {
                           'digest' => '1cc95e8adc1b12254e53d5a6f2924af336b87567',
                           'algorithm' => 'sha1'
                         },
                         {
                           'algorithm' => 'sha1',
                           'digest' => 'ef5d421412a5eaf1230071affd4f585e3b2b1a60'
                         }
                       ]
        }; in /home/toma/TEMP/Zonemaster_Dancer/lib/dnscheck.pm l. 34
[19429] debug @0.012182> [hit #107]$VAR1 = {
          'ns_list' => [
                         {
                           'ip' => '194.146.106.22',
                           'ns' => 'i.ns.se'
                         },
                         {
                           'ns' => 'i.ns.se',
                           'ip' => '2001:67c:1010:5:0:0:0:53'
                         },
                         {
                           'ip' => '212.247.7.228',
                           'ns' => 'ns.nic.se'
                         },
                         {
                           'ns' => 'ns.nic.se',
                           'ip' => '2a00:801:f0:53:0:0:0:53'
                         },
                         {
                           'ip' => '212.247.8.152',
                           'ns' => 'ns3.nic.se'
                         },
                         {
                           'ip' => '2a00:801:f0:211:0:0:0:152',
                           'ns' => 'ns3.nic.se'
                         }
                       ],
          'ds_list' => [
                         {
                           'digest' => 'ef5d421412a5eaf1230071affd4f585e3b2b1a60',
                           'algorithm' => 'sha1'
                         },
                         {
                           'algorithm' => 'sha1',
                           'digest' => '1cc95e8adc1b12254e53d5a6f2924af336b87567'
                         }
                       ]
        }; in /home/toma/TEMP/Zonemaster_Dancer/lib/dnscheck.pm l. 34
[19430] debug @0.012835> [hit #106]$VAR1 = {
          'ds_list' => [
                         {
                           'digest' => '1cc95e8adc1b12254e53d5a6f2924af336b87567',
                           'algorithm' => 'sha1'
                         },
                         {
                           'digest' => 'ef5d421412a5eaf1230071affd4f585e3b2b1a60',
                           'algorithm' => 'sha1'
                         }
                       ],
          'ns_list' => [
                         {
                           'ns' => 'ns.nic.se',
                           'ip' => '212.247.7.228'
                         },
                         {
                           'ip' => '2a00:801:f0:53:0:0:0:53',
                           'ns' => 'ns.nic.se'
                         },
                         {
                           'ip' => '194.146.106.22',
                           'ns' => 'i.ns.se'
                         },
                         {
                           'ns' => 'i.ns.se',
                           'ip' => '2001:67c:1010:5:0:0:0:53'
                         },
                         {
                           'ip' => '212.247.8.152',
                           'ns' => 'ns3.nic.se'
                         },
                         {
                           'ip' => '2a00:801:f0:211:0:0:0:152',
                           'ns' => 'ns3.nic.se'
                         }
                       ]
        }; in /home/toma/TEMP/Zonemaster_Dancer/lib/dnscheck.pm l. 34
[19432] debug @0.013092> [hit #108]$VAR1 = {
          'ds_list' => [
                         {
                           'digest' => 'ef5d421412a5eaf1230071affd4f585e3b2b1a60',
                           'algorithm' => 'sha1'
                         },
                         {
                           'algorithm' => 'sha1',
                           'digest' => '1cc95e8adc1b12254e53d5a6f2924af336b87567'
                         }
                       ],
          'ns_list' => [
                         {
                           'ip' => '194.146.106.22',
                           'ns' => 'i.ns.se'
                         },
                         {
                           'ns' => 'i.ns.se',
                           'ip' => '2001:67c:1010:5:0:0:0:53'
                         },
                         {
                           'ns' => 'ns3.nic.se',
                           'ip' => '212.247.8.152'
                         },
                         {
                           'ns' => 'ns3.nic.se',
                           'ip' => '2a00:801:f0:211:0:0:0:152'
                         },
                         {
                           'ip' => '212.247.7.228',
                           'ns' => 'ns.nic.se'
                         },
                         {
                           'ns' => 'ns.nic.se',
                           'ip' => '2a00:801:f0:53:0:0:0:53'
                         }
                       ]
        }; in /home/toma/TEMP/Zonemaster_Dancer/lib/dnscheck.pm l. 34
[19433] debug @0.134941> [hit #103]$VAR1 = {
          'ds_list' => [
                         {
                           'algorithm' => 'sha1',
                           'digest' => '47f4459739b6f984e4447260b591e7c6ec8210de'
                         },
                         {
                           'digest' => '06facfb122d14fa185cc107acb5f1b6dffb90eed',
                           'algorithm' => 'sha1'
                         }
                       ],
          'ns_list' => [
                         {
                           'ip' => '192.36.144.107',
                           'ns' => 'a.ns.se'
                         },
                         {
                           'ip' => '2a01:3f0:0:301:0:0:0:53',
                           'ns' => 'a.ns.se'
                         },
                         {
                           'ns' => 'd.ns.se',
                           'ip' => '81.228.8.16'
                         },
                         {
                           'ip' => '192.36.133.107',
                           'ns' => 'b.ns.se'
                         },
                         {
                           'ns' => 'b.ns.se',
                           'ip' => '2001:67c:254c:301:0:0:0:53'
                         },
                         {
                           'ns' => 'j.ns.se',
                           'ip' => '199.254.63.1'
                         },
                         {
                           'ns' => 'j.ns.se',
                           'ip' => '2001:500:2c:0:0:0:0:1'
                         },
                         {
                           'ip' => '130.239.5.114',
                           'ns' => 'g.ns.se'
                         },
                         {
                           'ns' => 'g.ns.se',
                           'ip' => '2001:6b0:e:3:0:0:0:1'
                         },
                         {
                           'ns' => 'f.ns.se',
                           'ip' => '192.71.53.53'
                         },
                         {
                           'ns' => 'f.ns.se',
                           'ip' => '2a01:3f0:0:305:0:0:0:53'
                         },
                         {
                           'ns' => 'e.ns.se',
                           'ip' => '81.228.10.57'
                         },
                         {
                           'ns' => 'c.ns.se',
                           'ip' => '192.36.135.107'
                         },
                         {
                           'ip' => '2001:67c:2554:301:0:0:0:53',
                           'ns' => 'c.ns.se'
                         },
                         {
                           'ns' => 'i.ns.se',
                           'ip' => '194.146.106.22'
                         },
                         {
                           'ip' => '2001:67c:1010:5:0:0:0:53',
                           'ns' => 'i.ns.se'
                         }
                       ]
        }; in /home/toma/TEMP/Zonemaster_Dancer/lib/dnscheck.pm l. 34
[19431] debug @0.431104> [hit #113]$VAR1 = {
          'ns_list' => [
                         {
                           'ns' => 'm.gtld-servers.net',
                           'ip' => '192.55.83.30'
                         },
                         {
                           'ns' => 'c.gtld-servers.net',
                           'ip' => '192.26.92.30'
                         },
                         {
                           'ip' => '192.33.14.30',
                           'ns' => 'b.gtld-servers.net'
                         },
                         {
                           'ns' => 'b.gtld-servers.net',
                           'ip' => '2001:503:231d:0:0:0:2:30'
                         },
                         {
                           'ip' => '192.43.172.30',
                           'ns' => 'i.gtld-servers.net'
                         },
                         {
                           'ip' => '192.48.79.30',
                           'ns' => 'j.gtld-servers.net'
                         },
                         {
                           'ns' => 'g.gtld-servers.net',
                           'ip' => '192.42.93.30'
                         },
                         {
                           'ns' => 'd.gtld-servers.net',
                           'ip' => '192.31.80.30'
                         },
                         {
                           'ip' => '192.5.6.30',
                           'ns' => 'a.gtld-servers.net'
                         },
                         {
                           'ip' => '2001:503:a83e:0:0:0:2:30',
                           'ns' => 'a.gtld-servers.net'
                         },
                         {
                           'ns' => 'k.gtld-servers.net',
                           'ip' => '192.52.178.30'
                         },
                         {
                           'ns' => 'e.gtld-servers.net',
                           'ip' => '192.12.94.30'
                         },
                         {
                           'ip' => '192.41.162.30',
                           'ns' => 'l.gtld-servers.net'
                         },
                         {
                           'ip' => '192.54.112.30',
                           'ns' => 'h.gtld-servers.net'
                         },
                         {
                           'ns' => 'f.gtld-servers.net',
                           'ip' => '192.35.51.30'
                         }
                       ],
          'ds_list' => [
                         {
                           'digest' => '92745b0a3c3f3f012d517993f37733d99107dc21',
                           'algorithm' => 'sha1'
                         },
                         {
                           'digest' => '999f6fc8c834d77abed879898343d05507ea3a2e',
                           'algorithm' => 'sha1'
                         }
                       ]
        }; in /home/toma/TEMP/Zonemaster_Dancer/lib/dnscheck.pm l. 34
[19429] debug @0.059106> [hit #108]$VAR1 = {
          'ds_list' => [
                         {
                           'algorithm' => 'sha1',
                           'digest' => 'b256bd09dc8dd59f0e0f0d8541b8328dd986df6e'
                         },
                         {
                           'digest' => 'f14318d3e7fcbd6dd439a9a49ec3dcc3112cd587',
                           'algorithm' => 'sha1'
                         }
                       ],
          'ns_list' => [
                         {
                           'ns' => 'e.root-servers.net',
                           'ip' => '192.203.230.10'
                         },
                         {
                           'ns' => 'h.root-servers.net',
                           'ip' => '128.63.2.53'
                         },
                         {
                           'ip' => '2001:500:1:0:0:0:803f:235',
                           'ns' => 'h.root-servers.net'
                         },
                         {
                           'ip' => '192.5.5.241',
                           'ns' => 'f.root-servers.net'
                         },
                         {
                           'ns' => 'f.root-servers.net',
                           'ip' => '2001:500:2f:0:0:0:0:f'
                         },
                         {
                           'ns' => 'l.root-servers.net',
                           'ip' => '199.7.83.42'
                         },
                         {
                           'ns' => 'l.root-servers.net',
                           'ip' => '2001:500:3:0:0:0:0:42'
                         },
                         {
                           'ns' => 'j.root-servers.net',
                           'ip' => '192.58.128.30'
                         },
                         {
                           'ip' => '2001:503:c27:0:0:0:2:30',
                           'ns' => 'j.root-servers.net'
                         },
                         {
                           'ip' => '192.228.79.201',
                           'ns' => 'b.root-servers.net'
                         },
                         {
                           'ns' => 'b.root-servers.net',
                           'ip' => '2001:500:84:0:0:0:0:b'
                         },
                         {
                           'ip' => '192.33.4.12',
                           'ns' => 'c.root-servers.net'
                         },
                         {
                           'ns' => 'c.root-servers.net',
                           'ip' => '2001:500:2:0:0:0:0:c'
                         },
                         {
                           'ip' => '202.12.27.33',
                           'ns' => 'm.root-servers.net'
                         },
                         {
                           'ns' => 'm.root-servers.net',
                           'ip' => '2001:dc3:0:0:0:0:0:35'
                         },
                         {
                           'ip' => '192.36.148.17',
                           'ns' => 'i.root-servers.net'
                         },
                         {
                           'ns' => 'i.root-servers.net',
                           'ip' => '2001:7fe:0:0:0:0:0:53'
                         },
                         {
                           'ip' => '193.0.14.129',
                           'ns' => 'k.root-servers.net'
                         },
                         {
                           'ns' => 'k.root-servers.net',
                           'ip' => '2001:7fd:0:0:0:0:0:1'
                         },
                         {
                           'ip' => '192.112.36.4',
                           'ns' => 'g.root-servers.net'
                         },
                         {
                           'ip' => '198.41.0.4',
                           'ns' => 'a.root-servers.net'
                         },
                         {
                           'ip' => '2001:503:ba3e:0:0:0:2:30',
                           'ns' => 'a.root-servers.net'
                         },
                         {
                           'ip' => '199.7.91.13',
                           'ns' => 'd.root-servers.net'
                         },
                         {
                           'ns' => 'd.root-servers.net',
                           'ip' => '2001:500:2d:0:0:0:0:d'
                         }
                       ]
        }; in /home/toma/TEMP/Zonemaster_Dancer/lib/dnscheck.pm l. 34
[19430] debug @0.092332> [hit #107]$VAR1 = {
          'ns_list' => [
                         {
                           'ip' => '194.146.106.22',
                           'ns' => 'i.ns.se'
                         },
                         {
                           'ip' => '2001:67c:1010:5:0:0:0:53',
                           'ns' => 'i.ns.se'
                         },
                         {
                           'ip' => '212.247.8.152',
                           'ns' => 'ns3.nic.se'
                         },
                         {
                           'ns' => 'ns3.nic.se',
                           'ip' => '2a00:801:f0:211:0:0:0:152'
                         },
                         {
                           'ns' => 'ns.nic.se',
                           'ip' => '212.247.7.228'
                         },
                         {
                           'ip' => '2a00:801:f0:53:0:0:0:53',
                           'ns' => 'ns.nic.se'
                         }
                       ],
          'ds_list' => [
                         {
                           'algorithm' => 'sha1',
                           'digest' => '10dd1efdc7841abfdf630c8bb37153724d70830a'
                         },
                         {
                           'algorithm' => 'sha1',
                           'digest' => '7a65106037e9ad43569ff03bfe79f4dd910d2628'
                         }
                       ]
        }; in /home/toma/TEMP/Zonemaster_Dancer/lib/dnscheck.pm l. 34
[19429] debug @0.008706> [hit #121]$VAR1 = 'Zonemaster v0.0.4, Engine v0.0.1'; in /home/toma/TEMP/Zonemaster_Dancer/lib/dnscheck.pm l. 43
[19433] debug @0.024639> [hit #124]$VAR1 = 'Zonemaster v0.0.4, Engine v0.0.1'; in /home/toma/TEMP/Zonemaster_Dancer/lib/dnscheck.pm l. 43
[19429] debug @0.005604> [hit #131]$VAR1 = 'Zonemaster v0.0.4, Engine v0.0.1'; in /home/toma/TEMP/Zonemaster_Dancer/lib/dnscheck.pm l. 43
[19429] debug @0.006031> [hit #135]$VAR1 = 'Zonemaster v0.0.4, Engine v0.0.1'; in /home/toma/TEMP/Zonemaster_Dancer/lib/dnscheck.pm l. 43
[19433] debug @0.007328> [hit #137]$VAR1 = 'Zonemaster v0.0.4, Engine v0.0.1'; in /home/toma/TEMP/Zonemaster_Dancer/lib/dnscheck.pm l. 43
[15643] error @0.003179> [hit #28]request to POST /run crashed: malformed UTF-8 character in JSON string, at character offset 28 (before "\x{fffd}o.fr","ipv6"...") at (eval 68) line 161. in /home/toma/perl5/perlbrew/perls/perl-5.20.0/lib/site_perl/5.20.0/Dancer/Handler.pm l. 98
[15644] error @0.002849> [hit #25]request to POST /run crashed: malformed UTF-8 character in JSON string, at character offset 12 (before "\x{fffd}o.fr"}") at (eval 68) line 161. in /home/toma/perl5/perlbrew/perls/perl-5.20.0/lib/site_perl/5.20.0/Dancer/Handler.pm l. 98
[15647] debug @0.626284> [hit #25]$VAR1 = 'Zonemaster v0.0.4, Engine v0.0.1'; in /home/toma/TEMP/Zonemaster_Dancer/lib/dnscheck.pm l. 43
[15643] debug @0.006781> [hit #35]$VAR1 = 'Zonemaster v0.0.4, Engine v0.0.1'; in /home/toma/TEMP/Zonemaster_Dancer/lib/dnscheck.pm l. 43
[15647] debug @0.005135> [hit #37]$VAR1 = 'Zonemaster v0.0.4, Engine v0.0.1'; in /home/toma/TEMP/Zonemaster_Dancer/lib/dnscheck.pm l. 43
[15644] debug @0.034560> [hit #40]$VAR1 = 'Zonemaster v0.0.4, Engine v0.0.1'; in /home/toma/TEMP/Zonemaster_Dancer/lib/dnscheck.pm l. 43
[15643] debug @0.003724> [hit #50]$VAR1 = 'Zonemaster v0.0.4, Engine v0.0.1'; in /home/toma/TEMP/Zonemaster_Dancer/lib/dnscheck.pm l. 43
[15647] debug @0.087470> [hit #50]$VAR1 = {
          'ns_list' => [
                         {
                           'ns' => 'h.root-servers.net',
                           'ip' => '128.63.2.53'
                         },
                         {
                           'ns' => 'h.root-servers.net',
                           'ip' => '2001:500:1:0:0:0:803f:235'
                         },
                         {
                           'ip' => '192.5.5.241',
                           'ns' => 'f.root-servers.net'
                         },
                         {
                           'ip' => '2001:500:2f:0:0:0:0:f',
                           'ns' => 'f.root-servers.net'
                         },
                         {
                           'ip' => '199.7.83.42',
                           'ns' => 'l.root-servers.net'
                         },
                         {
                           'ns' => 'l.root-servers.net',
                           'ip' => '2001:500:3:0:0:0:0:42'
                         },
                         {
                           'ns' => 'g.root-servers.net',
                           'ip' => '192.112.36.4'
                         },
                         {
                           'ns' => 'd.root-servers.net',
                           'ip' => '199.7.91.13'
                         },
                         {
                           'ns' => 'd.root-servers.net',
                           'ip' => '2001:500:2d:0:0:0:0:d'
                         },
                         {
                           'ns' => 'b.root-servers.net',
                           'ip' => '192.228.79.201'
                         },
                         {
                           'ip' => '2001:500:84:0:0:0:0:b',
                           'ns' => 'b.root-servers.net'
                         },
                         {
                           'ns' => 'k.root-servers.net',
                           'ip' => '193.0.14.129'
                         },
                         {
                           'ns' => 'k.root-servers.net',
                           'ip' => '2001:7fd:0:0:0:0:0:1'
                         },
                         {
                           'ip' => '198.41.0.4',
                           'ns' => 'a.root-servers.net'
                         },
                         {
                           'ns' => 'a.root-servers.net',
                           'ip' => '2001:503:ba3e:0:0:0:2:30'
                         },
                         {
                           'ns' => 'm.root-servers.net',
                           'ip' => '202.12.27.33'
                         },
                         {
                           'ns' => 'm.root-servers.net',
                           'ip' => '2001:dc3:0:0:0:0:0:35'
                         },
                         {
                           'ns' => 'e.root-servers.net',
                           'ip' => '192.203.230.10'
                         },
                         {
                           'ns' => 'j.root-servers.net',
                           'ip' => '192.58.128.30'
                         },
                         {
                           'ip' => '2001:503:c27:0:0:0:2:30',
                           'ns' => 'j.root-servers.net'
                         },
                         {
                           'ns' => 'c.root-servers.net',
                           'ip' => '192.33.4.12'
                         },
                         {
                           'ip' => '2001:500:2:0:0:0:0:c',
                           'ns' => 'c.root-servers.net'
                         },
                         {
                           'ip' => '192.36.148.17',
                           'ns' => 'i.root-servers.net'
                         },
                         {
                           'ns' => 'i.root-servers.net',
                           'ip' => '2001:7fe:0:0:0:0:0:53'
                         }
                       ],
          'ds_list' => [
                         {
                           'algorithm' => 'sha1',
                           'digest' => 'b256bd09dc8dd59f0e0f0d8541b8328dd986df6e'
                         },
                         {
                           'digest' => 'f14318d3e7fcbd6dd439a9a49ec3dcc3112cd587',
                           'algorithm' => 'sha1'
                         }
                       ]
        }; in /home/toma/TEMP/Zonemaster_Dancer/lib/dnscheck.pm l. 34
[15644] debug @0.004222> [hit #51]$VAR1 = 'Zonemaster v0.0.4, Engine v0.0.1'; in /home/toma/TEMP/Zonemaster_Dancer/lib/dnscheck.pm l. 43
[15643] debug @0.040714> [hit #57]$VAR1 = {
          'ns_list' => [
                         {
                           'ns' => 'h.root-servers.net',
                           'ip' => '128.63.2.53'
                         },
                         {
                           'ip' => '2001:500:1:0:0:0:803f:235',
                           'ns' => 'h.root-servers.net'
                         },
                         {
                           'ip' => '192.203.230.10',
                           'ns' => 'e.root-servers.net'
                         },
                         {
                           'ip' => '192.5.5.241',
                           'ns' => 'f.root-servers.net'
                         },
                         {
                           'ns' => 'f.root-servers.net',
                           'ip' => '2001:500:2f:0:0:0:0:f'
                         },
                         {
                           'ns' => 'j.root-servers.net',
                           'ip' => '192.58.128.30'
                         },
                         {
                           'ip' => '2001:503:c27:0:0:0:2:30',
                           'ns' => 'j.root-servers.net'
                         },
                         {
                           'ns' => 'b.root-servers.net',
                           'ip' => '192.228.79.201'
                         },
                         {
                           'ns' => 'b.root-servers.net',
                           'ip' => '2001:500:84:0:0:0:0:b'
                         },
                         {
                           'ns' => 'a.root-servers.net',
                           'ip' => '198.41.0.4'
                         },
                         {
                           'ns' => 'a.root-servers.net',
                           'ip' => '2001:503:ba3e:0:0:0:2:30'
                         },
                         {
                           'ns' => 'c.root-servers.net',
                           'ip' => '192.33.4.12'
                         },
                         {
                           'ns' => 'c.root-servers.net',
                           'ip' => '2001:500:2:0:0:0:0:c'
                         },
                         {
                           'ns' => 'g.root-servers.net',
                           'ip' => '192.112.36.4'
                         },
                         {
                           'ns' => 'l.root-servers.net',
                           'ip' => '199.7.83.42'
                         },
                         {
                           'ns' => 'l.root-servers.net',
                           'ip' => '2001:500:3:0:0:0:0:42'
                         },
                         {
                           'ip' => '192.36.148.17',
                           'ns' => 'i.root-servers.net'
                         },
                         {
                           'ip' => '2001:7fe:0:0:0:0:0:53',
                           'ns' => 'i.root-servers.net'
                         },
                         {
                           'ns' => 'd.root-servers.net',
                           'ip' => '199.7.91.13'
                         },
                         {
                           'ns' => 'd.root-servers.net',
                           'ip' => '2001:500:2d:0:0:0:0:d'
                         },
                         {
                           'ns' => 'm.root-servers.net',
                           'ip' => '202.12.27.33'
                         },
                         {
                           'ns' => 'm.root-servers.net',
                           'ip' => '2001:dc3:0:0:0:0:0:35'
                         },
                         {
                           'ns' => 'k.root-servers.net',
                           'ip' => '193.0.14.129'
                         },
                         {
                           'ns' => 'k.root-servers.net',
                           'ip' => '2001:7fd:0:0:0:0:0:1'
                         }
                       ],
          'ds_list' => [
                         {
                           'algorithm' => 'sha1',
                           'digest' => 'b256bd09dc8dd59f0e0f0d8541b8328dd986df6e'
                         },
                         {
                           'digest' => 'f14318d3e7fcbd6dd439a9a49ec3dcc3112cd587',
                           'algorithm' => 'sha1'
                         }
                       ]
        }; in /home/toma/TEMP/Zonemaster_Dancer/lib/dnscheck.pm l. 34
[15647] debug @0.003773> [hit #59]$VAR1 = 'Zonemaster v0.0.4, Engine v0.0.1'; in /home/toma/TEMP/Zonemaster_Dancer/lib/dnscheck.pm l. 43
[15647] debug @0.011483> [hit #68]$VAR1 = 'Zonemaster v0.0.4, Engine v0.0.1'; in /home/toma/TEMP/Zonemaster_Dancer/lib/dnscheck.pm l. 43
[15644] debug @0.020498> [hit #63]$VAR1 = {
          'ns_list' => [
                         {
                           'ip' => '192.93.0.4',
                           'ns' => 'ns2.nic.fr'
                         },
                         {
                           'ip' => '2001:660:3005:1:0:0:1:2',
                           'ns' => 'ns2.nic.fr'
                         },
                         {
                           'ns' => 'ns1.nic.fr',
                           'ip' => '192.134.4.1'
                         },
                         {
                           'ns' => 'ns1.nic.fr',
                           'ip' => '2001:660:3003:2:0:0:4:1'
                         },
                         {
                           'ip' => '192.134.0.49',
                           'ns' => 'ns3.nic.fr'
                         },
                         {
                           'ns' => 'ns3.nic.fr',
                           'ip' => '2001:660:3006:1:0:0:1:1'
                         }
                       ],
          'ds_list' => [
                         {
                           'algorithm' => 'sha1',
                           'digest' => '181c044c33ee1af37fe5c370fc24d2e72bcb395a'
                         },
                         {
                           'algorithm' => 'sha1',
                           'digest' => '1a51812d9f145424dd8946640fcfc1e4df1a4bc0'
                         },
                         {
                           'digest' => '5e8917857209eee5507a251890f347fa3f3fef98',
                           'algorithm' => 'sha1'
                         },
                         {
                           'digest' => '0256f2c46c9abe36852d98b806685200202a37f7',
                           'algorithm' => 'sha1'
                         }
                       ]
        }; in /home/toma/TEMP/Zonemaster_Dancer/lib/dnscheck.pm l. 34
